# JRE version: OpenJDK Runtime Environment (10.0.2+13) (build 10.0.2+13-Ubuntu-1ubuntu0.18.04.3)
# Java VM: OpenJDK 64-Bit Server VM (10.0.2+13-Ubuntu-1ubuntu0.18.04.3, mixed mode, tiered, compressed oops, g1 gc, linux-amd64)
Heap:
 garbage-first heap   total 1164288K, used 1038K [0x0000000085400000, 0x0000000100000000)
  region size 1024K, 1 young (1024K), 1 survivors (1024K)
 Metaspace       used 3901K, capacity 4490K, committed 4864K, reserved 1056768K
  class space    used 324K, capacity 386K, committed 512K, reserved 1048576K
GC Heap History (10 events):
Event: 40,719 GC heap after
{Heap after GC invocations=62 (full 0):
 garbage-first heap   total 599040K, used 1015K [0x0000000085400000, 0x0000000100000000)
  region size 1024K, 1 young (1024K), 1 survivors (1024K)
 Metaspace       used 3901K, capacity 4490K, committed 4864K, reserved 1056768K
  class space    used 324K, capacity 386K, committed 512K, reserved 1048576K
}
Event: 43,446 GC heap before
{Heap before GC invocations=62 (full 0):
 garbage-first heap   total 599040K, used 359415K [0x0000000085400000, 0x0000000100000000)
  region size 1024K, 351 young (359424K), 1 survivors (1024K)
 Metaspace       used 3901K, capacity 4490K, committed 4864K, reserved 1056768K
  class space    used 324K, capacity 386K, committed 512K, reserved 1048576K
}
Event: 43,449 GC heap after
{Heap after GC invocations=63 (full 0):
 garbage-first heap   total 599040K, used 1021K [0x0000000085400000, 0x0000000100000000)
  region size 1024K, 1 young (1024K), 1 survivors (1024K)
 Metaspace       used 3901K, capacity 4490K, committed 4864K, reserved 1056768K
  class space    used 324K, capacity 386K, committed 512K, reserved 1048576K
}
Event: 43,596 GC heap before
{Heap before GC invocations=63 (full 0):
 garbage-first heap   total 599040K, used 359421K [0x0000000085400000, 0x0000000100000000)
  region size 1024K, 351 young (359424K), 1 survivors (1024K)
 Metaspace       used 3901K, capacity 4490K, committed 4864K, reserved 1056768K
  class space    used 324K, capacity 386K, committed 512K, reserved 1048576K
}
Event: 43,600 GC heap after
{Heap after GC invocations=64 (full 0):
 garbage-first heap   total 599040K, used 1028K [0x0000000085400000, 0x0000000100000000)
  region size 1024K, 1 young (1024K), 1 survivors (1024K)
 Metaspace       used 3901K, capacity 4490K, committed 4864K, reserved 1056768K
  class space    used 324K, capacity 386K, committed 512K, reserved 1048576K
}
Event: 46,023 GC heap before
{Heap before GC invocations=64 (full 0):
 garbage-first heap   total 599040K, used 359428K [0x0000000085400000, 0x0000000100000000)
  region size 1024K, 351 young (359424K), 1 survivors (1024K)
 Metaspace       used 3901K, capacity 4490K, committed 4864K, reserved 1056768K
  class space    used 324K, capacity 386K, committed 512K, reserved 1048576K
}
Event: 50,903 GC heap after
{Heap after GC invocations=65 (full 0):
 garbage-first heap   total 599040K, used 1037K [0x0000000085400000, 0x0000000100000000)
  region size 1024K, 1 young (1024K), 1 survivors (1024K)
 Metaspace       used 3901K, capacity 4490K, committed 4864K, reserved 1056768K
  class space    used 324K, capacity 386K, committed 512K, reserved 1048576K
}
Event: 50,929 GC heap before
{Heap before GC invocations=65 (full 0):
 garbage-first heap   total 599040K, used 29709K [0x0000000085400000, 0x0000000100000000)
  region size 1024K, 29 young (29696K), 1 survivors (1024K)
 Metaspace       used 3901K, capacity 4490K, committed 4864K, reserved 1056768K
  class space    used 324K, capacity 386K, committed 512K, reserved 1048576K
}
Event: 51,807 GC heap after
{Heap after GC invocations=66 (full 0):
 garbage-first heap   total 599040K, used 1038K [0x0000000085400000, 0x0000000100000000)
  region size 1024K, 1 young (1024K), 1 survivors (1024K)
 Metaspace       used 3901K, capacity 4490K, committed 4864K, reserved 1056768K
  class space    used 324K, capacity 386K, committed 512K, reserved 1048576K
}
Event: 51,815 GC heap before
{Heap before GC invocations=66 (full 0):
 garbage-first heap   total 599040K, used 29710K [0x0000000085400000, 0x0000000100000000)
  region size 1024K, 29 young (29696K), 1 survivors (1024K)
 Metaspace       used 3901K, capacity 4490K, committed 4864K, reserved 1056768K
  class space    used 324K, capacity 386K, committed 512K, reserved 1048576K
}

