# JRE version: OpenJDK Runtime Environment (10.0.2+13) (build 10.0.2+13-Ubuntu-1ubuntu0.18.04.3)
# Java VM: OpenJDK 64-Bit Server VM (10.0.2+13-Ubuntu-1ubuntu0.18.04.3, mixed mode, tiered, compressed oops, g1 gc, linux-amd64)
Heap:
 garbage-first heap   total 536576K, used 958K [0x0000000085400000, 0x0000000100000000)
  region size 1024K, 1 young (1024K), 1 survivors (1024K)
 Metaspace       used 3904K, capacity 4490K, committed 4864K, reserved 1056768K
  class space    used 324K, capacity 386K, committed 512K, reserved 1048576K
GC Heap History (10 events):
Event: 40,019 GC heap after
{Heap after GC invocations=120 (full 0):
 garbage-first heap   total 475136K, used 952K [0x0000000085400000, 0x0000000100000000)
  region size 1024K, 1 young (1024K), 1 survivors (1024K)
 Metaspace       used 3904K, capacity 4490K, committed 4864K, reserved 1056768K
  class space    used 324K, capacity 386K, committed 512K, reserved 1048576K
}
Event: 40,144 GC heap before
{Heap before GC invocations=120 (full 0):
 garbage-first heap   total 475136K, used 284600K [0x0000000085400000, 0x0000000100000000)
  region size 1024K, 278 young (284672K), 1 survivors (1024K)
 Metaspace       used 3904K, capacity 4490K, committed 4864K, reserved 1056768K
  class space    used 324K, capacity 386K, committed 512K, reserved 1048576K
}
Event: 40,147 GC heap after
{Heap after GC invocations=121 (full 0):
 garbage-first heap   total 475136K, used 953K [0x0000000085400000, 0x0000000100000000)
  region size 1024K, 1 young (1024K), 1 survivors (1024K)
 Metaspace       used 3904K, capacity 4490K, committed 4864K, reserved 1056768K
  class space    used 324K, capacity 386K, committed 512K, reserved 1048576K
}
Event: 40,232 GC heap before
{Heap before GC invocations=121 (full 0):
 garbage-first heap   total 475136K, used 284601K [0x0000000085400000, 0x0000000100000000)
  region size 1024K, 278 young (284672K), 1 survivors (1024K)
 Metaspace       used 3904K, capacity 4490K, committed 4864K, reserved 1056768K
  class space    used 324K, capacity 386K, committed 512K, reserved 1048576K
}
Event: 40,235 GC heap after
{Heap after GC invocations=122 (full 0):
 garbage-first heap   total 475136K, used 954K [0x0000000085400000, 0x0000000100000000)
  region size 1024K, 1 young (1024K), 1 survivors (1024K)
 Metaspace       used 3904K, capacity 4490K, committed 4864K, reserved 1056768K
  class space    used 324K, capacity 386K, committed 512K, reserved 1048576K
}
Event: 40,372 GC heap before
{Heap before GC invocations=122 (full 0):
 garbage-first heap   total 475136K, used 284602K [0x0000000085400000, 0x0000000100000000)
  region size 1024K, 278 young (284672K), 1 survivors (1024K)
 Metaspace       used 3904K, capacity 4490K, committed 4864K, reserved 1056768K
  class space    used 324K, capacity 386K, committed 512K, reserved 1048576K
}
Event: 40,376 GC heap after
{Heap after GC invocations=123 (full 0):
 garbage-first heap   total 475136K, used 956K [0x0000000085400000, 0x0000000100000000)
  region size 1024K, 1 young (1024K), 1 survivors (1024K)
 Metaspace       used 3904K, capacity 4490K, committed 4864K, reserved 1056768K
  class space    used 324K, capacity 386K, committed 512K, reserved 1048576K
}
Event: 40,449 GC heap before
{Heap before GC invocations=123 (full 0):
 garbage-first heap   total 475136K, used 284604K [0x0000000085400000, 0x0000000100000000)
  region size 1024K, 278 young (284672K), 1 survivors (1024K)
 Metaspace       used 3904K, capacity 4490K, committed 4864K, reserved 1056768K
  class space    used 324K, capacity 386K, committed 512K, reserved 1048576K
}
Event: 40,453 GC heap after
{Heap after GC invocations=124 (full 0):
 garbage-first heap   total 475136K, used 957K [0x0000000085400000, 0x0000000100000000)
  region size 1024K, 1 young (1024K), 1 survivors (1024K)
 Metaspace       used 3904K, capacity 4490K, committed 4864K, reserved 1056768K
  class space    used 324K, capacity 386K, committed 512K, reserved 1048576K
}
Event: 40,584 GC heap before
{Heap before GC invocations=124 (full 0):
 garbage-first heap   total 475136K, used 284605K [0x0000000085400000, 0x0000000100000000)
  region size 1024K, 278 young (284672K), 1 survivors (1024K)
 Metaspace       used 3904K, capacity 4490K, committed 4864K, reserved 1056768K
  class space    used 324K, capacity 386K, committed 512K, reserved 1048576K
}

