# JRE version: OpenJDK Runtime Environment (10.0.2+13) (build 10.0.2+13-Ubuntu-1ubuntu0.18.04.3)
# Java VM: OpenJDK 64-Bit Server VM (10.0.2+13-Ubuntu-1ubuntu0.18.04.3, mixed mode, tiered, compressed oops, g1 gc, linux-amd64)
Heap:
 garbage-first heap   total 781312K, used 1087K [0x0000000085400000, 0x0000000100000000)
  region size 1024K, 1 young (1024K), 1 survivors (1024K)
 Metaspace       used 3904K, capacity 4490K, committed 4864K, reserved 1056768K
  class space    used 324K, capacity 386K, committed 512K, reserved 1048576K
GC Heap History (10 events):
Event: 52,037 GC heap after
{Heap after GC invocations=209 (full 0):
 garbage-first heap   total 473088K, used 1080K [0x0000000085400000, 0x0000000100000000)
  region size 1024K, 1 young (1024K), 1 survivors (1024K)
 Metaspace       used 3904K, capacity 4490K, committed 4864K, reserved 1056768K
  class space    used 324K, capacity 386K, committed 512K, reserved 1048576K
}
Event: 52,081 GC heap before
{Heap before GC invocations=209 (full 0):
 garbage-first heap   total 473088K, used 283704K [0x0000000085400000, 0x0000000100000000)
  region size 1024K, 277 young (283648K), 1 survivors (1024K)
 Metaspace       used 3904K, capacity 4490K, committed 4864K, reserved 1056768K
  class space    used 324K, capacity 386K, committed 512K, reserved 1048576K
}
Event: 52,082 GC heap after
{Heap after GC invocations=210 (full 0):
 garbage-first heap   total 473088K, used 1082K [0x0000000085400000, 0x0000000100000000)
  region size 1024K, 1 young (1024K), 1 survivors (1024K)
 Metaspace       used 3904K, capacity 4490K, committed 4864K, reserved 1056768K
  class space    used 324K, capacity 386K, committed 512K, reserved 1048576K
}
Event: 52,126 GC heap before
{Heap before GC invocations=210 (full 0):
 garbage-first heap   total 473088K, used 283706K [0x0000000085400000, 0x0000000100000000)
  region size 1024K, 277 young (283648K), 1 survivors (1024K)
 Metaspace       used 3904K, capacity 4490K, committed 4864K, reserved 1056768K
  class space    used 324K, capacity 386K, committed 512K, reserved 1048576K
}
Event: 52,128 GC heap after
{Heap after GC invocations=211 (full 0):
 garbage-first heap   total 473088K, used 1083K [0x0000000085400000, 0x0000000100000000)
  region size 1024K, 1 young (1024K), 1 survivors (1024K)
 Metaspace       used 3904K, capacity 4490K, committed 4864K, reserved 1056768K
  class space    used 324K, capacity 386K, committed 512K, reserved 1048576K
}
Event: 52,180 GC heap before
{Heap before GC invocations=211 (full 0):
 garbage-first heap   total 473088K, used 283707K [0x0000000085400000, 0x0000000100000000)
  region size 1024K, 277 young (283648K), 1 survivors (1024K)
 Metaspace       used 3904K, capacity 4490K, committed 4864K, reserved 1056768K
  class space    used 324K, capacity 386K, committed 512K, reserved 1048576K
}
Event: 52,182 GC heap after
{Heap after GC invocations=212 (full 0):
 garbage-first heap   total 473088K, used 1084K [0x0000000085400000, 0x0000000100000000)
  region size 1024K, 1 young (1024K), 1 survivors (1024K)
 Metaspace       used 3904K, capacity 4490K, committed 4864K, reserved 1056768K
  class space    used 324K, capacity 386K, committed 512K, reserved 1048576K
}
Event: 52,238 GC heap before
{Heap before GC invocations=212 (full 0):
 garbage-first heap   total 473088K, used 283708K [0x0000000085400000, 0x0000000100000000)
  region size 1024K, 277 young (283648K), 1 survivors (1024K)
 Metaspace       used 3904K, capacity 4490K, committed 4864K, reserved 1056768K
  class space    used 324K, capacity 386K, committed 512K, reserved 1048576K
}
Event: 52,240 GC heap after
{Heap after GC invocations=213 (full 0):
 garbage-first heap   total 473088K, used 1086K [0x0000000085400000, 0x0000000100000000)
  region size 1024K, 1 young (1024K), 1 survivors (1024K)
 Metaspace       used 3904K, capacity 4490K, committed 4864K, reserved 1056768K
  class space    used 324K, capacity 386K, committed 512K, reserved 1048576K
}
Event: 52,290 GC heap before
{Heap before GC invocations=213 (full 0):
 garbage-first heap   total 473088K, used 283710K [0x0000000085400000, 0x0000000100000000)
  region size 1024K, 277 young (283648K), 1 survivors (1024K)
 Metaspace       used 3904K, capacity 4490K, committed 4864K, reserved 1056768K
  class space    used 324K, capacity 386K, committed 512K, reserved 1048576K
}

